  [1m[35m (0.3ms)[0m  [1m[34mSELECT sqlite_version(*)[0m
  ↳ bin/rails:9
  [1m[35m (6.1ms)[0m  [1m[35mCREATE TABLE "schema_migrations" ("version" varchar NOT NULL PRIMARY KEY)[0m
  ↳ bin/rails:9
  [1m[35m (3.0ms)[0m  [1m[35mCREATE TABLE "ar_internal_metadata" ("key" varchar NOT NULL PRIMARY KEY, "value" varchar, "created_at" datetime NOT NULL, "updated_at" datetime NOT NULL)[0m
  ↳ bin/rails:9
  [1m[35m (0.2ms)[0m  [1m[34mSELECT "schema_migrations"."version" FROM "schema_migrations" ORDER BY "schema_migrations"."version" ASC[0m
  ↳ bin/rails:9
Migrating to CreateUsers (20180625073337)
  [1m[35m (0.1ms)[0m  [1m[36mbegin transaction[0m
  ↳ bin/rails:9
  [1m[35m (0.7ms)[0m  [1m[35mCREATE TABLE "users" ("id" integer PRIMARY KEY AUTOINCREMENT NOT NULL, "name" varchar, "email" varchar, "login" varchar, "created_at" datetime NOT NULL, "updated_at" datetime NOT NULL)[0m
  ↳ db/migrate/20180625073337_create_users.rb:3
  [1m[36mActiveRecord::SchemaMigration Create (0.2ms)[0m  [1m[32mINSERT INTO "schema_migrations" ("version") VALUES (?)[0m  [["version", "20180625073337"]]
  ↳ bin/rails:9
  [1m[35m (2.0ms)[0m  [1m[36mcommit transaction[0m
  ↳ bin/rails:9
  [1m[36mActiveRecord::InternalMetadata Load (0.2ms)[0m  [1m[34mSELECT  "ar_internal_metadata".* FROM "ar_internal_metadata" WHERE "ar_internal_metadata"."key" = ? LIMIT ?[0m  [["key", "environment"], ["LIMIT", 1]]
  ↳ bin/rails:9
  [1m[35m (0.1ms)[0m  [1m[36mbegin transaction[0m
  ↳ bin/rails:9
  [1m[36mActiveRecord::InternalMetadata Create (0.5ms)[0m  [1m[32mINSERT INTO "ar_internal_metadata" ("key", "value", "created_at", "updated_at") VALUES (?, ?, ?, ?)[0m  [["key", "environment"], ["value", "development"], ["created_at", "2018-06-25 07:33:48.644321"], ["updated_at", "2018-06-25 07:33:48.644321"]]
  ↳ bin/rails:9
  [1m[35m (1.7ms)[0m  [1m[36mcommit transaction[0m
  ↳ bin/rails:9
  [1m[35m (0.1ms)[0m  [1m[34mSELECT "schema_migrations"."version" FROM "schema_migrations" ORDER BY "schema_migrations"."version" ASC[0m
  ↳ bin/rails:9
  Rendering user_mailer/welcome_email.html.erb within layouts/mailer
  Rendered user_mailer/welcome_email.html.erb within layouts/mailer (4.3ms)
  Rendering user_mailer/welcome_email.text.erb within layouts/mailer
  Rendered user_mailer/welcome_email.text.erb within layouts/mailer (0.4ms)
UserMailer#welcome_email: processed outbound mail in 744.8ms
Sent mail to test@test.com (28.0ms)
Date: Mon, 25 Jun 2018 14:36:33 +0700
From: notifications@example.com
To: test@test.com
Message-ID: <5b309b81709c_210f3fcd4303ee5490432@kwangs-MacBook-Air.local.mail>
Subject: Welcome to My Awesome Site
Mime-Version: 1.0
Content-Type: multipart/alternative;
 boundary="--==_mimepart_5b309b813a3c_210f3fcd4303ee5490310";
 charset=UTF-8
Content-Transfer-Encoding: 7bit


----==_mimepart_5b309b813a3c_210f3fcd4303ee5490310
Content-Type: text/plain;
 charset=UTF-8
Content-Transfer-Encoding: 7bit

Welcome to example.com, Test
You have successfully signed up to example.com, your username is: test.
To login to the site, just follow this link: http://example.com/login.
Thanks for joining and have a great day!

----==_mimepart_5b309b813a3c_210f3fcd4303ee5490310
Content-Type: text/html;
 charset=UTF-8
Content-Transfer-Encoding: 7bit

<!DOCTYPE html>
<html>
  <head>
    <meta http-equiv="Content-Type" content="text/html; charset=utf-8" />
    <style>
      /* Email styles need to be inline */
    </style>
  </head>

  <body>
    <h1>Welcome to example.com, Test</h1>
 You have successfully signed up to example.com,
 your username is: test.<br>
 To login to the site, just follow this link: http://example.com/login.
 <p>Thanks for joining and have a great day!</p>
  </body>
</html>

----==_mimepart_5b309b813a3c_210f3fcd4303ee5490310--

  Rendering user_mailer/welcome_email.html.erb within layouts/mailer
  Rendered user_mailer/welcome_email.html.erb within layouts/mailer (3.0ms)
  Rendering user_mailer/welcome_email.text.erb within layouts/mailer
  Rendered user_mailer/welcome_email.text.erb within layouts/mailer (0.6ms)
UserMailer#welcome_email: processed outbound mail in 113.1ms
Sent mail to test@test.com (269.6ms)
Date: Mon, 25 Jun 2018 14:58:07 +0700
From: notifications@example.com
To: test@test.com
Message-ID: <5b30a08fb60b9_23583fe0d0840e544687b@kwangs-MacBook-Air.local.mail>
Subject: Welcome to My Awesome Site
Mime-Version: 1.0
Content-Type: multipart/alternative;
 boundary="--==_mimepart_5b30a08fb3932_23583fe0d0840e54467e6";
 charset=UTF-8
Content-Transfer-Encoding: 7bit


----==_mimepart_5b30a08fb3932_23583fe0d0840e54467e6
Content-Type: text/plain;
 charset=UTF-8
Content-Transfer-Encoding: 7bit

Welcome to example.com, Test
You have successfully signed up to example.com, your username is: test.
To login to the site, just follow this link: http://example.com/login.
Thanks for joining and have a great day!

----==_mimepart_5b30a08fb3932_23583fe0d0840e54467e6
Content-Type: text/html;
 charset=UTF-8
Content-Transfer-Encoding: 7bit

<!DOCTYPE html>
<html>
  <head>
    <meta http-equiv="Content-Type" content="text/html; charset=utf-8" />
    <style>
      /* Email styles need to be inline */
    </style>
  </head>

  <body>
    <h1>Welcome to example.com, Test</h1>
 You have successfully signed up to example.com,
 your username is: test.<br>
 To login to the site, just follow this link: http://example.com/login.
 <p>Thanks for joining and have a great day!</p>
  </body>
</html>

----==_mimepart_5b30a08fb3932_23583fe0d0840e54467e6--

Started GET "/" for 127.0.0.1 at 2018-06-29 16:57:44 +0700
  [1m[35m (4.7ms)[0m  [1m[34mSELECT "schema_migrations"."version" FROM "schema_migrations" ORDER BY "schema_migrations"."version" ASC[0m
  ↳ /Users/kwang/.rbenv/versions/2.5.1/lib/ruby/gems/2.5.0/gems/activerecord-5.2.0/lib/active_record/log_subscriber.rb:98
Processing by Rails::WelcomeController#index as HTML
  Rendering /Users/kwang/.rbenv/versions/2.5.1/lib/ruby/gems/2.5.0/gems/railties-5.2.0/lib/rails/templates/rails/welcome/index.html.erb
  Rendered /Users/kwang/.rbenv/versions/2.5.1/lib/ruby/gems/2.5.0/gems/railties-5.2.0/lib/rails/templates/rails/welcome/index.html.erb (4.1ms)
Completed 200 OK in 34ms (Views: 16.4ms | ActiveRecord: 0.0ms)


Started GET "/admin" for 127.0.0.1 at 2018-06-29 16:58:09 +0700
  
ActionController::RoutingError (No route matches [GET] "/admin"):
  
actionpack (5.2.0) lib/action_dispatch/middleware/debug_exceptions.rb:65:in `call'
web-console (3.6.2) lib/web_console/middleware.rb:135:in `call_app'
web-console (3.6.2) lib/web_console/middleware.rb:30:in `block in call'
web-console (3.6.2) lib/web_console/middleware.rb:20:in `catch'
web-console (3.6.2) lib/web_console/middleware.rb:20:in `call'
actionpack (5.2.0) lib/action_dispatch/middleware/show_exceptions.rb:33:in `call'
railties (5.2.0) lib/rails/rack/logger.rb:38:in `call_app'
railties (5.2.0) lib/rails/rack/logger.rb:26:in `block in call'
activesupport (5.2.0) lib/active_support/tagged_logging.rb:71:in `block in tagged'
activesupport (5.2.0) lib/active_support/tagged_logging.rb:28:in `tagged'
activesupport (5.2.0) lib/active_support/tagged_logging.rb:71:in `tagged'
railties (5.2.0) lib/rails/rack/logger.rb:26:in `call'
sprockets-rails (3.2.1) lib/sprockets/rails/quiet_assets.rb:13:in `call'
actionpack (5.2.0) lib/action_dispatch/middleware/remote_ip.rb:81:in `call'
actionpack (5.2.0) lib/action_dispatch/middleware/request_id.rb:27:in `call'
rack (2.0.5) lib/rack/method_override.rb:22:in `call'
rack (2.0.5) lib/rack/runtime.rb:22:in `call'
activesupport (5.2.0) lib/active_support/cache/strategy/local_cache_middleware.rb:29:in `call'
actionpack (5.2.0) lib/action_dispatch/middleware/executor.rb:14:in `call'
actionpack (5.2.0) lib/action_dispatch/middleware/static.rb:127:in `call'
rack (2.0.5) lib/rack/sendfile.rb:111:in `call'
railties (5.2.0) lib/rails/engine.rb:524:in `call'
puma (3.11.4) lib/puma/configuration.rb:225:in `call'
puma (3.11.4) lib/puma/server.rb:632:in `handle_request'
puma (3.11.4) lib/puma/server.rb:446:in `process_client'
puma (3.11.4) lib/puma/server.rb:306:in `block in run'
puma (3.11.4) lib/puma/thread_pool.rb:120:in `block in spawn_thread'
Started GET "/" for 127.0.0.1 at 2018-06-29 16:58:38 +0700
Processing by Rails::WelcomeController#index as HTML
  Rendering /Users/kwang/.rbenv/versions/2.5.1/lib/ruby/gems/2.5.0/gems/railties-5.2.0/lib/rails/templates/rails/welcome/index.html.erb
  Rendered /Users/kwang/.rbenv/versions/2.5.1/lib/ruby/gems/2.5.0/gems/railties-5.2.0/lib/rails/templates/rails/welcome/index.html.erb (2.7ms)
Completed 200 OK in 18ms (Views: 9.3ms | ActiveRecord: 0.0ms)


Started GET "/" for 127.0.0.1 at 2018-06-29 17:00:28 +0700
Processing by Rails::WelcomeController#index as HTML
  Rendering /Users/kwang/.rbenv/versions/2.5.1/lib/ruby/gems/2.5.0/gems/railties-5.2.0/lib/rails/templates/rails/welcome/index.html.erb
  Rendered /Users/kwang/.rbenv/versions/2.5.1/lib/ruby/gems/2.5.0/gems/railties-5.2.0/lib/rails/templates/rails/welcome/index.html.erb (3.4ms)
Completed 200 OK in 15ms (Views: 8.5ms | ActiveRecord: 0.0ms)


Started GET "/" for 127.0.0.1 at 2018-06-29 17:01:35 +0700
Processing by Rails::WelcomeController#index as HTML
  Rendering /Users/kwang/.rbenv/versions/2.5.1/lib/ruby/gems/2.5.0/gems/railties-5.2.0/lib/rails/templates/rails/welcome/index.html.erb
  Rendered /Users/kwang/.rbenv/versions/2.5.1/lib/ruby/gems/2.5.0/gems/railties-5.2.0/lib/rails/templates/rails/welcome/index.html.erb (2.7ms)
Completed 200 OK in 16ms (Views: 8.0ms | ActiveRecord: 0.0ms)


Started GET "/" for 127.0.0.1 at 2018-06-29 18:13:22 +0700
  [1m[35m (1.5ms)[0m  [1m[34mSELECT "schema_migrations"."version" FROM "schema_migrations" ORDER BY "schema_migrations"."version" ASC[0m
  ↳ /Users/kwang/.rbenv/versions/2.5.1/lib/ruby/gems/2.5.0/gems/activerecord-5.2.0/lib/active_record/log_subscriber.rb:98
  
ActiveRecord::PendingMigrationError (

Migrations are pending. To resolve this issue, run:

        bin/rails db:migrate RAILS_ENV=development

):
  
activerecord (5.2.0) lib/active_record/migration.rb:579:in `check_pending!'
activerecord (5.2.0) lib/active_record/migration.rb:556:in `call'
actionpack (5.2.0) lib/action_dispatch/middleware/callbacks.rb:28:in `block in call'
activesupport (5.2.0) lib/active_support/callbacks.rb:98:in `run_callbacks'
actionpack (5.2.0) lib/action_dispatch/middleware/callbacks.rb:26:in `call'
actionpack (5.2.0) lib/action_dispatch/middleware/executor.rb:14:in `call'
actionpack (5.2.0) lib/action_dispatch/middleware/debug_exceptions.rb:61:in `call'
web-console (3.6.2) lib/web_console/middleware.rb:135:in `call_app'
web-console (3.6.2) lib/web_console/middleware.rb:30:in `block in call'
web-console (3.6.2) lib/web_console/middleware.rb:20:in `catch'
web-console (3.6.2) lib/web_console/middleware.rb:20:in `call'
actionpack (5.2.0) lib/action_dispatch/middleware/show_exceptions.rb:33:in `call'
railties (5.2.0) lib/rails/rack/logger.rb:38:in `call_app'
railties (5.2.0) lib/rails/rack/logger.rb:26:in `block in call'
activesupport (5.2.0) lib/active_support/tagged_logging.rb:71:in `block in tagged'
activesupport (5.2.0) lib/active_support/tagged_logging.rb:28:in `tagged'
activesupport (5.2.0) lib/active_support/tagged_logging.rb:71:in `tagged'
railties (5.2.0) lib/rails/rack/logger.rb:26:in `call'
sprockets-rails (3.2.1) lib/sprockets/rails/quiet_assets.rb:13:in `call'
actionpack (5.2.0) lib/action_dispatch/middleware/remote_ip.rb:81:in `call'
actionpack (5.2.0) lib/action_dispatch/middleware/request_id.rb:27:in `call'
rack (2.0.5) lib/rack/method_override.rb:22:in `call'
rack (2.0.5) lib/rack/runtime.rb:22:in `call'
activesupport (5.2.0) lib/active_support/cache/strategy/local_cache_middleware.rb:29:in `call'
actionpack (5.2.0) lib/action_dispatch/middleware/executor.rb:14:in `call'
actionpack (5.2.0) lib/action_dispatch/middleware/static.rb:127:in `call'
rack (2.0.5) lib/rack/sendfile.rb:111:in `call'
railties (5.2.0) lib/rails/engine.rb:524:in `call'
puma (3.11.4) lib/puma/configuration.rb:225:in `call'
puma (3.11.4) lib/puma/server.rb:632:in `handle_request'
puma (3.11.4) lib/puma/server.rb:446:in `process_client'
puma (3.11.4) lib/puma/server.rb:306:in `block in run'
puma (3.11.4) lib/puma/thread_pool.rb:120:in `block in spawn_thread'
Started GET "/" for 127.0.0.1 at 2018-06-29 18:20:10 +0700
  [1m[35m (1.3ms)[0m  [1m[34mSELECT "schema_migrations"."version" FROM "schema_migrations" ORDER BY "schema_migrations"."version" ASC[0m
  ↳ /Users/kwang/.rbenv/versions/2.5.1/lib/ruby/gems/2.5.0/gems/activerecord-5.2.0/lib/active_record/log_subscriber.rb:98
  
ActiveRecord::PendingMigrationError (

Migrations are pending. To resolve this issue, run:

        bin/rails db:migrate RAILS_ENV=development

):
  
activerecord (5.2.0) lib/active_record/migration.rb:579:in `check_pending!'
activerecord (5.2.0) lib/active_record/migration.rb:556:in `call'
actionpack (5.2.0) lib/action_dispatch/middleware/callbacks.rb:28:in `block in call'
activesupport (5.2.0) lib/active_support/callbacks.rb:98:in `run_callbacks'
actionpack (5.2.0) lib/action_dispatch/middleware/callbacks.rb:26:in `call'
actionpack (5.2.0) lib/action_dispatch/middleware/executor.rb:14:in `call'
actionpack (5.2.0) lib/action_dispatch/middleware/debug_exceptions.rb:61:in `call'
web-console (3.6.2) lib/web_console/middleware.rb:135:in `call_app'
web-console (3.6.2) lib/web_console/middleware.rb:30:in `block in call'
web-console (3.6.2) lib/web_console/middleware.rb:20:in `catch'
web-console (3.6.2) lib/web_console/middleware.rb:20:in `call'
actionpack (5.2.0) lib/action_dispatch/middleware/show_exceptions.rb:33:in `call'
railties (5.2.0) lib/rails/rack/logger.rb:38:in `call_app'
railties (5.2.0) lib/rails/rack/logger.rb:26:in `block in call'
activesupport (5.2.0) lib/active_support/tagged_logging.rb:71:in `block in tagged'
activesupport (5.2.0) lib/active_support/tagged_logging.rb:28:in `tagged'
activesupport (5.2.0) lib/active_support/tagged_logging.rb:71:in `tagged'
railties (5.2.0) lib/rails/rack/logger.rb:26:in `call'
sprockets-rails (3.2.1) lib/sprockets/rails/quiet_assets.rb:13:in `call'
actionpack (5.2.0) lib/action_dispatch/middleware/remote_ip.rb:81:in `call'
actionpack (5.2.0) lib/action_dispatch/middleware/request_id.rb:27:in `call'
rack (2.0.5) lib/rack/method_override.rb:22:in `call'
rack (2.0.5) lib/rack/runtime.rb:22:in `call'
activesupport (5.2.0) lib/active_support/cache/strategy/local_cache_middleware.rb:29:in `call'
actionpack (5.2.0) lib/action_dispatch/middleware/executor.rb:14:in `call'
actionpack (5.2.0) lib/action_dispatch/middleware/static.rb:127:in `call'
rack (2.0.5) lib/rack/sendfile.rb:111:in `call'
railties (5.2.0) lib/rails/engine.rb:524:in `call'
puma (3.11.4) lib/puma/configuration.rb:225:in `call'
puma (3.11.4) lib/puma/server.rb:632:in `handle_request'
puma (3.11.4) lib/puma/server.rb:446:in `process_client'
puma (3.11.4) lib/puma/server.rb:306:in `block in run'
puma (3.11.4) lib/puma/thread_pool.rb:120:in `block in spawn_thread'
  [1m[35m (1.3ms)[0m  [1m[34mSELECT "schema_migrations"."version" FROM "schema_migrations" ORDER BY "schema_migrations"."version" ASC[0m
  ↳ bin/rails:9
Migrating to DeviseCreateModels (20180629103638)
  [1m[35m (0.1ms)[0m  [1m[36mbegin transaction[0m
  ↳ bin/rails:9
  [1m[35m (0.1ms)[0m  [1m[34mSELECT sqlite_version(*)[0m
  ↳ db/migrate/20180629103638_devise_create_models.rb:5
  [1m[35m (0.5ms)[0m  [1m[35mCREATE TABLE "models" ("id" integer PRIMARY KEY AUTOINCREMENT NOT NULL, "email" varchar DEFAULT '' NOT NULL, "encrypted_password" varchar DEFAULT '' NOT NULL, "reset_password_token" varchar, "reset_password_sent_at" datetime, "remember_created_at" datetime, "sign_in_count" integer DEFAULT 0 NOT NULL, "current_sign_in_at" datetime, "last_sign_in_at" datetime, "current_sign_in_ip" varchar, "last_sign_in_ip" varchar, "created_at" datetime NOT NULL, "updated_at" datetime NOT NULL)[0m
  ↳ db/migrate/20180629103638_devise_create_models.rb:5
  [1m[35m (0.1ms)[0m  [1m[35mCREATE UNIQUE INDEX "index_models_on_email" ON "models" ("email")[0m
  ↳ db/migrate/20180629103638_devise_create_models.rb:39
  [1m[35m (0.1ms)[0m  [1m[35mCREATE UNIQUE INDEX "index_models_on_reset_password_token" ON "models" ("reset_password_token")[0m
  ↳ db/migrate/20180629103638_devise_create_models.rb:40
  [1m[36mActiveRecord::SchemaMigration Create (1.4ms)[0m  [1m[32mINSERT INTO "schema_migrations" ("version") VALUES (?)[0m  [["version", "20180629103638"]]
  ↳ bin/rails:9
  [1m[35m (2.3ms)[0m  [1m[36mcommit transaction[0m
  ↳ bin/rails:9
Migrating to AddDeviseToUsers (20180629104020)
  [1m[35m (0.1ms)[0m  [1m[36mbegin transaction[0m
  ↳ bin/rails:9
  [1m[35m (0.5ms)[0m  [1m[35mALTER TABLE "users" ADD "email" varchar DEFAULT '' NOT NULL[0m
  ↳ db/migrate/20180629104020_add_devise_to_users.rb:7
  [1m[35m (0.0ms)[0m  [1m[31mrollback transaction[0m
  ↳ bin/rails:9
Started GET "/" for 127.0.0.1 at 2018-06-29 18:21:01 +0700
  [1m[35m (1.3ms)[0m  [1m[34mSELECT "schema_migrations"."version" FROM "schema_migrations" ORDER BY "schema_migrations"."version" ASC[0m
  ↳ /Users/kwang/.rbenv/versions/2.5.1/lib/ruby/gems/2.5.0/gems/activerecord-5.2.0/lib/active_record/log_subscriber.rb:98
  
ActiveRecord::PendingMigrationError (

Migrations are pending. To resolve this issue, run:

        bin/rails db:migrate RAILS_ENV=development

):
  
activerecord (5.2.0) lib/active_record/migration.rb:579:in `check_pending!'
activerecord (5.2.0) lib/active_record/migration.rb:556:in `call'
actionpack (5.2.0) lib/action_dispatch/middleware/callbacks.rb:28:in `block in call'
activesupport (5.2.0) lib/active_support/callbacks.rb:98:in `run_callbacks'
actionpack (5.2.0) lib/action_dispatch/middleware/callbacks.rb:26:in `call'
actionpack (5.2.0) lib/action_dispatch/middleware/executor.rb:14:in `call'
actionpack (5.2.0) lib/action_dispatch/middleware/debug_exceptions.rb:61:in `call'
web-console (3.6.2) lib/web_console/middleware.rb:135:in `call_app'
web-console (3.6.2) lib/web_console/middleware.rb:30:in `block in call'
web-console (3.6.2) lib/web_console/middleware.rb:20:in `catch'
web-console (3.6.2) lib/web_console/middleware.rb:20:in `call'
actionpack (5.2.0) lib/action_dispatch/middleware/show_exceptions.rb:33:in `call'
railties (5.2.0) lib/rails/rack/logger.rb:38:in `call_app'
railties (5.2.0) lib/rails/rack/logger.rb:26:in `block in call'
activesupport (5.2.0) lib/active_support/tagged_logging.rb:71:in `block in tagged'
activesupport (5.2.0) lib/active_support/tagged_logging.rb:28:in `tagged'
activesupport (5.2.0) lib/active_support/tagged_logging.rb:71:in `tagged'
railties (5.2.0) lib/rails/rack/logger.rb:26:in `call'
sprockets-rails (3.2.1) lib/sprockets/rails/quiet_assets.rb:13:in `call'
actionpack (5.2.0) lib/action_dispatch/middleware/remote_ip.rb:81:in `call'
actionpack (5.2.0) lib/action_dispatch/middleware/request_id.rb:27:in `call'
rack (2.0.5) lib/rack/method_override.rb:22:in `call'
rack (2.0.5) lib/rack/runtime.rb:22:in `call'
activesupport (5.2.0) lib/active_support/cache/strategy/local_cache_middleware.rb:29:in `call'
actionpack (5.2.0) lib/action_dispatch/middleware/executor.rb:14:in `call'
actionpack (5.2.0) lib/action_dispatch/middleware/static.rb:127:in `call'
rack (2.0.5) lib/rack/sendfile.rb:111:in `call'
railties (5.2.0) lib/rails/engine.rb:524:in `call'
puma (3.11.4) lib/puma/configuration.rb:225:in `call'
puma (3.11.4) lib/puma/server.rb:632:in `handle_request'
puma (3.11.4) lib/puma/server.rb:446:in `process_client'
puma (3.11.4) lib/puma/server.rb:306:in `block in run'
puma (3.11.4) lib/puma/thread_pool.rb:120:in `block in spawn_thread'
  [1m[35m (0.2ms)[0m  [1m[34mSELECT "schema_migrations"."version" FROM "schema_migrations" ORDER BY "schema_migrations"."version" ASC[0m
  ↳ bin/rails:9
Migrating to AddDeviseToUsers (20180629104020)
  [1m[35m (0.1ms)[0m  [1m[36mbegin transaction[0m
  ↳ bin/rails:9
  [1m[35m (0.5ms)[0m  [1m[35mALTER TABLE "users" ADD "email" varchar DEFAULT '' NOT NULL[0m
  ↳ db/migrate/20180629104020_add_devise_to_users.rb:7
  [1m[35m (0.1ms)[0m  [1m[31mrollback transaction[0m
  ↳ bin/rails:9
  [1m[35m (0.2ms)[0m  [1m[34mSELECT "schema_migrations"."version" FROM "schema_migrations" ORDER BY "schema_migrations"."version" ASC[0m
  ↳ /Users/kwang/.rbenv/versions/2.5.1/bin/rake:23
Migrating to AddDeviseToUsers (20180629104020)
  [1m[35m (0.1ms)[0m  [1m[36mbegin transaction[0m
  ↳ /Users/kwang/.rbenv/versions/2.5.1/bin/rake:23
  [1m[35m (0.4ms)[0m  [1m[35mALTER TABLE "users" ADD "email" varchar DEFAULT '' NOT NULL[0m
  ↳ db/migrate/20180629104020_add_devise_to_users.rb:7
  [1m[35m (0.0ms)[0m  [1m[31mrollback transaction[0m
  ↳ /Users/kwang/.rbenv/versions/2.5.1/bin/rake:23
  [1m[35m (0.1ms)[0m  [1m[34mSELECT "schema_migrations"."version" FROM "schema_migrations" ORDER BY "schema_migrations"."version" ASC[0m
  ↳ /Users/kwang/.rbenv/versions/2.5.1/bin/rake:23
Migrating to AddDeviseToUsers (20180629104020)
  [1m[35m (0.1ms)[0m  [1m[36mbegin transaction[0m
  ↳ /Users/kwang/.rbenv/versions/2.5.1/bin/rake:23
  [1m[35m (0.4ms)[0m  [1m[35mALTER TABLE "users" ADD "email" varchar DEFAULT '' NOT NULL[0m
  ↳ db/migrate/20180629104020_add_devise_to_users.rb:7
  [1m[35m (0.0ms)[0m  [1m[31mrollback transaction[0m
  ↳ /Users/kwang/.rbenv/versions/2.5.1/bin/rake:23
  [1m[35m (0.1ms)[0m  [1m[34mSELECT "schema_migrations"."version" FROM "schema_migrations" ORDER BY "schema_migrations"."version" ASC[0m
  ↳ /Users/kwang/.rbenv/versions/2.5.1/bin/rake:23
Migrating to AddDeviseToUsers (20180629104020)
  [1m[35m (0.1ms)[0m  [1m[36mbegin transaction[0m
  ↳ /Users/kwang/.rbenv/versions/2.5.1/bin/rake:23
  [1m[35m (0.5ms)[0m  [1m[35mALTER TABLE "users" ADD "email" varchar DEFAULT '' NOT NULL[0m
  ↳ db/migrate/20180629104020_add_devise_to_users.rb:7
  [1m[35m (0.0ms)[0m  [1m[31mrollback transaction[0m
  ↳ /Users/kwang/.rbenv/versions/2.5.1/bin/rake:23
  [1m[35m (0.1ms)[0m  [1m[34mSELECT "schema_migrations"."version" FROM "schema_migrations" ORDER BY "schema_migrations"."version" ASC[0m
  ↳ /Users/kwang/.rbenv/versions/2.5.1/bin/rake:23
Migrating to AddDeviseToUsers (20180629104020)
  [1m[35m (0.1ms)[0m  [1m[36mbegin transaction[0m
  ↳ /Users/kwang/.rbenv/versions/2.5.1/bin/rake:23
  [1m[35m (0.4ms)[0m  [1m[35mALTER TABLE "users" ADD "email" varchar DEFAULT '' NOT NULL[0m
  ↳ db/migrate/20180629104020_add_devise_to_users.rb:7
  [1m[35m (0.1ms)[0m  [1m[31mrollback transaction[0m
  ↳ /Users/kwang/.rbenv/versions/2.5.1/bin/rake:23
  [1m[35m (0.1ms)[0m  [1m[34mSELECT "schema_migrations"."version" FROM "schema_migrations" ORDER BY "schema_migrations"."version" ASC[0m
  ↳ /Users/kwang/.rbenv/versions/2.5.1/bin/rake:23
Migrating to AddDeviseToUsers (20180629104020)
  [1m[35m (0.1ms)[0m  [1m[36mbegin transaction[0m
  ↳ /Users/kwang/.rbenv/versions/2.5.1/bin/rake:23
  [1m[35m (0.6ms)[0m  [1m[35mALTER TABLE "users" ADD "encrypted_password" varchar DEFAULT '' NOT NULL[0m
  ↳ db/migrate/20180629104020_add_devise_to_users.rb:8
  [1m[35m (0.1ms)[0m  [1m[35mALTER TABLE "users" ADD "reset_password_token" varchar[0m
  ↳ db/migrate/20180629104020_add_devise_to_users.rb:11
  [1m[35m (0.1ms)[0m  [1m[35mALTER TABLE "users" ADD "reset_password_sent_at" datetime[0m
  ↳ db/migrate/20180629104020_add_devise_to_users.rb:12
  [1m[35m (0.2ms)[0m  [1m[35mALTER TABLE "users" ADD "remember_created_at" datetime[0m
  ↳ db/migrate/20180629104020_add_devise_to_users.rb:15
  [1m[35m (0.2ms)[0m  [1m[35mALTER TABLE "users" ADD "sign_in_count" integer DEFAULT 0 NOT NULL[0m
  ↳ db/migrate/20180629104020_add_devise_to_users.rb:18
  [1m[35m (0.2ms)[0m  [1m[35mALTER TABLE "users" ADD "current_sign_in_at" datetime[0m
  ↳ db/migrate/20180629104020_add_devise_to_users.rb:19
  [1m[35m (0.2ms)[0m  [1m[35mALTER TABLE "users" ADD "last_sign_in_at" datetime[0m
  ↳ db/migrate/20180629104020_add_devise_to_users.rb:20
  [1m[35m (0.2ms)[0m  [1m[35mALTER TABLE "users" ADD "current_sign_in_ip" varchar[0m
  ↳ db/migrate/20180629104020_add_devise_to_users.rb:21
  [1m[35m (0.2ms)[0m  [1m[35mALTER TABLE "users" ADD "last_sign_in_ip" varchar[0m
  ↳ db/migrate/20180629104020_add_devise_to_users.rb:22
  [1m[35m (0.1ms)[0m  [1m[34mSELECT sqlite_version(*)[0m
  ↳ db/migrate/20180629104020_add_devise_to_users.rb:40
  [1m[35m (1.3ms)[0m  [1m[35mCREATE UNIQUE INDEX "index_users_on_email" ON "users" ("email")[0m
  ↳ db/migrate/20180629104020_add_devise_to_users.rb:40
  [1m[35m (0.2ms)[0m  [1m[35mCREATE UNIQUE INDEX "index_users_on_reset_password_token" ON "users" ("reset_password_token")[0m
  ↳ db/migrate/20180629104020_add_devise_to_users.rb:41
  [1m[36mActiveRecord::SchemaMigration Create (1.6ms)[0m  [1m[32mINSERT INTO "schema_migrations" ("version") VALUES (?)[0m  [["version", "20180629104020"]]
  ↳ /Users/kwang/.rbenv/versions/2.5.1/bin/rake:23
  [1m[35m (2.1ms)[0m  [1m[36mcommit transaction[0m
  ↳ /Users/kwang/.rbenv/versions/2.5.1/bin/rake:23
  [1m[36mActiveRecord::InternalMetadata Load (1.7ms)[0m  [1m[34mSELECT  "ar_internal_metadata".* FROM "ar_internal_metadata" WHERE "ar_internal_metadata"."key" = ? LIMIT ?[0m  [["key", "environment"], ["LIMIT", 1]]
  ↳ /Users/kwang/.rbenv/versions/2.5.1/bin/rake:23
  [1m[35m (0.1ms)[0m  [1m[36mbegin transaction[0m
  ↳ /Users/kwang/.rbenv/versions/2.5.1/bin/rake:23
  [1m[35m (0.1ms)[0m  [1m[36mcommit transaction[0m
  ↳ /Users/kwang/.rbenv/versions/2.5.1/bin/rake:23
  [1m[35m (0.1ms)[0m  [1m[34mSELECT "schema_migrations"."version" FROM "schema_migrations" ORDER BY "schema_migrations"."version" ASC[0m
  ↳ /Users/kwang/.rbenv/versions/2.5.1/bin/rake:23
Started GET "/" for 127.0.0.1 at 2018-06-29 18:24:35 +0700
  [1m[35m (0.2ms)[0m  [1m[34mSELECT "schema_migrations"."version" FROM "schema_migrations" ORDER BY "schema_migrations"."version" ASC[0m
  ↳ /Users/kwang/.rbenv/versions/2.5.1/lib/ruby/gems/2.5.0/gems/activerecord-5.2.0/lib/active_record/log_subscriber.rb:98
Processing by Devise::SessionsController#new as HTML
  Rendering /Users/kwang/.rbenv/versions/2.5.1/lib/ruby/gems/2.5.0/gems/devise-4.4.3/app/views/devise/sessions/new.html.erb within layouts/application
  Rendered /Users/kwang/.rbenv/versions/2.5.1/lib/ruby/gems/2.5.0/gems/devise-4.4.3/app/views/devise/shared/_links.html.erb (2.3ms)
  Rendered /Users/kwang/.rbenv/versions/2.5.1/lib/ruby/gems/2.5.0/gems/devise-4.4.3/app/views/devise/sessions/new.html.erb within layouts/application (66.1ms)
Completed 200 OK in 1025ms (Views: 1005.1ms | ActiveRecord: 0.9ms)


Started GET "/users/sign_up" for 127.0.0.1 at 2018-06-29 18:24:55 +0700
Processing by Devise::RegistrationsController#new as HTML
  Rendering /Users/kwang/.rbenv/versions/2.5.1/lib/ruby/gems/2.5.0/gems/devise-4.4.3/app/views/devise/registrations/new.html.erb within layouts/application
  Rendered /Users/kwang/.rbenv/versions/2.5.1/lib/ruby/gems/2.5.0/gems/devise-4.4.3/app/views/devise/shared/_links.html.erb (0.9ms)
  Rendered /Users/kwang/.rbenv/versions/2.5.1/lib/ruby/gems/2.5.0/gems/devise-4.4.3/app/views/devise/registrations/new.html.erb within layouts/application (8.1ms)
Completed 200 OK in 56ms (Views: 53.8ms | ActiveRecord: 0.0ms)


Started POST "/users" for 127.0.0.1 at 2018-06-29 18:25:03 +0700
Processing by Devise::RegistrationsController#create as HTML
  Parameters: {"utf8"=>"✓", "authenticity_token"=>"v6ERqzQT4h3K5TuS9ZTNx3Wju95KAENeAMsTF0Qcj8m147UWUvPX+rhs9PJNOHSBe/RULhfg93GkdxEsDiHcsA==", "user"=>{"email"=>"punnipa602.41@gmail.com", "password"=>"[FILTERED]", "password_confirmation"=>"[FILTERED]"}, "commit"=>"Sign up"}
  [1m[35m (0.1ms)[0m  [1m[36mbegin transaction[0m
  ↳ /Users/kwang/.rbenv/versions/2.5.1/lib/ruby/gems/2.5.0/gems/activerecord-5.2.0/lib/active_record/log_subscriber.rb:98
  [1m[36mUser Exists (0.2ms)[0m  [1m[34mSELECT  1 AS one FROM "users" WHERE "users"."email" = ? LIMIT ?[0m  [["email", "punnipa602.41@gmail.com"], ["LIMIT", 1]]
  ↳ /Users/kwang/.rbenv/versions/2.5.1/lib/ruby/gems/2.5.0/gems/activerecord-5.2.0/lib/active_record/log_subscriber.rb:98
  [1m[36mUser Create (2.0ms)[0m  [1m[32mINSERT INTO "users" ("email", "created_at", "updated_at", "encrypted_password") VALUES (?, ?, ?, ?)[0m  [["email", "punnipa602.41@gmail.com"], ["created_at", "2018-06-29 11:25:03.993861"], ["updated_at", "2018-06-29 11:25:03.993861"], ["encrypted_password", "$2a$11$CTeIhBQASlCmE6Q9Kp63oeEZPxk1wqb8V6tlsKp.2uYPb0RpeEVku"]]
  ↳ /Users/kwang/.rbenv/versions/2.5.1/lib/ruby/gems/2.5.0/gems/activerecord-5.2.0/lib/active_record/log_subscriber.rb:98
  [1m[35m (1.9ms)[0m  [1m[36mcommit transaction[0m
  ↳ /Users/kwang/.rbenv/versions/2.5.1/lib/ruby/gems/2.5.0/gems/activerecord-5.2.0/lib/active_record/log_subscriber.rb:98
  [1m[35m (0.1ms)[0m  [1m[36mbegin transaction[0m
  ↳ /Users/kwang/.rbenv/versions/2.5.1/lib/ruby/gems/2.5.0/gems/activerecord-5.2.0/lib/active_record/log_subscriber.rb:98
  [1m[36mUser Update (0.5ms)[0m  [1m[33mUPDATE "users" SET "updated_at" = ?, "sign_in_count" = ?, "current_sign_in_at" = ?, "last_sign_in_at" = ?, "current_sign_in_ip" = ?, "last_sign_in_ip" = ? WHERE "users"."id" = ?[0m  [["updated_at", "2018-06-29 11:25:04.003807"], ["sign_in_count", 1], ["current_sign_in_at", "2018-06-29 11:25:04.001960"], ["last_sign_in_at", "2018-06-29 11:25:04.001960"], ["current_sign_in_ip", "127.0.0.1"], ["last_sign_in_ip", "127.0.0.1"], ["id", 1]]
  ↳ /Users/kwang/.rbenv/versions/2.5.1/lib/ruby/gems/2.5.0/gems/activerecord-5.2.0/lib/active_record/log_subscriber.rb:98
  [1m[35m (1.7ms)[0m  [1m[36mcommit transaction[0m
  ↳ /Users/kwang/.rbenv/versions/2.5.1/lib/ruby/gems/2.5.0/gems/activerecord-5.2.0/lib/active_record/log_subscriber.rb:98
Redirected to http://localhost:3000/
Completed 302 Found in 198ms (ActiveRecord: 6.6ms)


Started GET "/" for 127.0.0.1 at 2018-06-29 18:25:04 +0700
  [1m[36mUser Load (0.3ms)[0m  [1m[34mSELECT  "users".* FROM "users" WHERE "users"."id" = ? ORDER BY "users"."id" ASC LIMIT ?[0m  [["id", 1], ["LIMIT", 1]]
  ↳ /Users/kwang/.rbenv/versions/2.5.1/lib/ruby/gems/2.5.0/gems/activerecord-5.2.0/lib/active_record/log_subscriber.rb:98
Processing by HomeController#index as HTML
  Rendering home/index.html.erb within layouts/application
  Rendered home/index.html.erb within layouts/application (0.5ms)
Completed 200 OK in 51ms (Views: 45.8ms | ActiveRecord: 0.0ms)


Started GET "/" for 127.0.0.1 at 2018-06-29 18:30:04 +0700
  [1m[36mUser Load (0.1ms)[0m  [1m[34mSELECT  "users".* FROM "users" WHERE "users"."id" = ? ORDER BY "users"."id" ASC LIMIT ?[0m  [["id", 1], ["LIMIT", 1]]
  ↳ /Users/kwang/.rbenv/versions/2.5.1/lib/ruby/gems/2.5.0/gems/activerecord-5.2.0/lib/active_record/log_subscriber.rb:98
Processing by HomeController#index as HTML
  Rendering user_mailer/welcome_email.html.erb within layouts/mailer
  Rendered user_mailer/welcome_email.html.erb within layouts/mailer (2.4ms)
  Rendering user_mailer/welcome_email.text.erb within layouts/mailer
  Rendered user_mailer/welcome_email.text.erb within layouts/mailer (0.7ms)
UserMailer#welcome_email: processed outbound mail in 96.9ms
Sent mail to admin@bananacoding.com (20.9ms)
Date: Fri, 29 Jun 2018 18:30:05 +0700
From: notifications@example.com
To: admin@bananacoding.com
Message-ID: <5b36183d68cb6_5fce3fe16e63f51c6878b@kwangs-MacBook-Air.local.mail>
Subject: Welcome to My Awesome Site
Mime-Version: 1.0
Content-Type: multipart/alternative;
 boundary="--==_mimepart_5b36183d65f4a_5fce3fe16e63f51c6868d";
 charset=UTF-8
Content-Transfer-Encoding: 7bit


----==_mimepart_5b36183d65f4a_5fce3fe16e63f51c6868d
Content-Type: text/plain;
 charset=UTF-8
Content-Transfer-Encoding: 7bit

Welcome to example.com, punnipa602.41@gmail.com
You have successfully signed up to example.com, your username is: .
To login to the site, time: 2018-06-29T18:30:05+07:00.
Thanks for joining and have a great day!

----==_mimepart_5b36183d65f4a_5fce3fe16e63f51c6868d
Content-Type: text/html;
 charset=UTF-8
Content-Transfer-Encoding: 7bit

<!DOCTYPE html>
<html>
  <head>
    <meta http-equiv="Content-Type" content="text/html; charset=utf-8" />
    <style>
      /* Email styles need to be inline */
    </style>
  </head>

  <body>
    <h1>Welcome to example.com, punnipa602.41@gmail.com</h1>
 You have successfully signed up to example.com,
 <br>
 To login to the site, time: 2018-06-29T18:30:05+07:00.
 <p>Thanks for joining and have a great day!</p>
  </body>
</html>

----==_mimepart_5b36183d65f4a_5fce3fe16e63f51c6868d--

Completed 500 Internal Server Error in 399ms (ActiveRecord: 0.0ms)


  
Errno::ECONNREFUSED (Connection refused - connect(2) for "localhost" port 1025):
  
app/controllers/home_controller.rb:3:in `index'
Started GET "/users/sign_in" for 127.0.0.1 at 2018-06-29 18:30:35 +0700
Processing by Devise::SessionsController#new as HTML
  [1m[36mUser Load (0.4ms)[0m  [1m[34mSELECT  "users".* FROM "users" WHERE "users"."id" = ? ORDER BY "users"."id" ASC LIMIT ?[0m  [["id", 1], ["LIMIT", 1]]
  ↳ /Users/kwang/.rbenv/versions/2.5.1/lib/ruby/gems/2.5.0/gems/activerecord-5.2.0/lib/active_record/log_subscriber.rb:98
Redirected to http://localhost:3000/
Filter chain halted as :require_no_authentication rendered or redirected
Completed 302 Found in 4ms (ActiveRecord: 0.4ms)


Started GET "/" for 127.0.0.1 at 2018-06-29 18:30:35 +0700
  [1m[36mUser Load (0.2ms)[0m  [1m[34mSELECT  "users".* FROM "users" WHERE "users"."id" = ? ORDER BY "users"."id" ASC LIMIT ?[0m  [["id", 1], ["LIMIT", 1]]
  ↳ /Users/kwang/.rbenv/versions/2.5.1/lib/ruby/gems/2.5.0/gems/activerecord-5.2.0/lib/active_record/log_subscriber.rb:98
Processing by HomeController#index as HTML
  Rendering user_mailer/welcome_email.html.erb within layouts/mailer
  Rendered user_mailer/welcome_email.html.erb within layouts/mailer (0.5ms)
  Rendering user_mailer/welcome_email.text.erb within layouts/mailer
  Rendered user_mailer/welcome_email.text.erb within layouts/mailer (0.4ms)
UserMailer#welcome_email: processed outbound mail in 33.4ms
Sent mail to admin@bananacoding.com (4.0ms)
Date: Fri, 29 Jun 2018 18:30:35 +0700
From: notifications@example.com
To: admin@bananacoding.com
Message-ID: <5b36185b17972_5fce3fe16e63eeb468944@kwangs-MacBook-Air.local.mail>
Subject: Welcome to My Awesome Site
Mime-Version: 1.0
Content-Type: multipart/alternative;
 boundary="--==_mimepart_5b36185b16e42_5fce3fe16e63eeb4688a6";
 charset=UTF-8
Content-Transfer-Encoding: 7bit


----==_mimepart_5b36185b16e42_5fce3fe16e63eeb4688a6
Content-Type: text/plain;
 charset=UTF-8
Content-Transfer-Encoding: 7bit

Welcome to example.com, punnipa602.41@gmail.com
You have successfully signed up to example.com, your username is: .
To login to the site, time: 2018-06-29T18:30:35+07:00.
Thanks for joining and have a great day!

----==_mimepart_5b36185b16e42_5fce3fe16e63eeb4688a6
Content-Type: text/html;
 charset=UTF-8
Content-Transfer-Encoding: 7bit

<!DOCTYPE html>
<html>
  <head>
    <meta http-equiv="Content-Type" content="text/html; charset=utf-8" />
    <style>
      /* Email styles need to be inline */
    </style>
  </head>

  <body>
    <h1>Welcome to example.com, punnipa602.41@gmail.com</h1>
 You have successfully signed up to example.com,
 <br>
 To login to the site, time: 2018-06-29T18:30:35+07:00.
 <p>Thanks for joining and have a great day!</p>
  </body>
</html>

----==_mimepart_5b36185b16e42_5fce3fe16e63eeb4688a6--

Completed 500 Internal Server Error in 38ms (ActiveRecord: 0.0ms)


  
Errno::ECONNREFUSED (Connection refused - connect(2) for "localhost" port 1025):
  
app/controllers/home_controller.rb:3:in `index'
Started GET "/" for 127.0.0.1 at 2018-06-29 18:31:16 +0700
  [1m[36mUser Load (0.3ms)[0m  [1m[34mSELECT  "users".* FROM "users" WHERE "users"."id" = ? ORDER BY "users"."id" ASC LIMIT ?[0m  [["id", 1], ["LIMIT", 1]]
  ↳ /Users/kwang/.rbenv/versions/2.5.1/lib/ruby/gems/2.5.0/gems/activerecord-5.2.0/lib/active_record/log_subscriber.rb:98
Processing by HomeController#index as HTML
  Rendering user_mailer/welcome_email.html.erb within layouts/mailer
  Rendered user_mailer/welcome_email.html.erb within layouts/mailer (0.6ms)
  Rendering user_mailer/welcome_email.text.erb within layouts/mailer
  Rendered user_mailer/welcome_email.text.erb within layouts/mailer (0.4ms)
UserMailer#welcome_email: processed outbound mail in 42.0ms
Sent mail to admin@bananacoding.com (3.8ms)
Date: Fri, 29 Jun 2018 18:31:16 +0700
From: notifications@example.com
To: admin@bananacoding.com
Message-ID: <5b361884b1672_5fce3fe16e63f24c69161@kwangs-MacBook-Air.local.mail>
Subject: Welcome to My Awesome Site
Mime-Version: 1.0
Content-Type: multipart/alternative;
 boundary="--==_mimepart_5b361884b0ba7_5fce3fe16e63f24c69033";
 charset=UTF-8
Content-Transfer-Encoding: 7bit


----==_mimepart_5b361884b0ba7_5fce3fe16e63f24c69033
Content-Type: text/plain;
 charset=UTF-8
Content-Transfer-Encoding: 7bit

Welcome to example.com, punnipa602.41@gmail.com
You have successfully signed up to example.com, your username is: .
To login to the site, time: 2018-06-29T18:31:16+07:00.
Thanks for joining and have a great day!

----==_mimepart_5b361884b0ba7_5fce3fe16e63f24c69033
Content-Type: text/html;
 charset=UTF-8
Content-Transfer-Encoding: 7bit

<!DOCTYPE html>
<html>
  <head>
    <meta http-equiv="Content-Type" content="text/html; charset=utf-8" />
    <style>
      /* Email styles need to be inline */
    </style>
  </head>

  <body>
    <h1>Welcome to example.com, punnipa602.41@gmail.com</h1>
 You have successfully signed up to example.com,
 <br>
 To login to the site, time: 2018-06-29T18:31:16+07:00.
 <p>Thanks for joining and have a great day!</p>
  </body>
</html>

----==_mimepart_5b361884b0ba7_5fce3fe16e63f24c69033--

Completed 500 Internal Server Error in 47ms (ActiveRecord: 0.0ms)


  
Errno::ECONNREFUSED (Connection refused - connect(2) for "localhost" port 1025):
  
app/controllers/home_controller.rb:3:in `index'
Started GET "/" for 127.0.0.1 at 2018-06-29 18:34:33 +0700
  [1m[35m (0.1ms)[0m  [1m[34mSELECT "schema_migrations"."version" FROM "schema_migrations" ORDER BY "schema_migrations"."version" ASC[0m
  ↳ /Users/kwang/.rbenv/versions/2.5.1/lib/ruby/gems/2.5.0/gems/activerecord-5.2.0/lib/active_record/log_subscriber.rb:98
  [1m[36mUser Load (0.2ms)[0m  [1m[34mSELECT  "users".* FROM "users" WHERE "users"."id" = ? ORDER BY "users"."id" ASC LIMIT ?[0m  [["id", 1], ["LIMIT", 1]]
  ↳ /Users/kwang/.rbenv/versions/2.5.1/lib/ruby/gems/2.5.0/gems/activerecord-5.2.0/lib/active_record/log_subscriber.rb:98
Processing by HomeController#index as HTML
  Rendering user_mailer/welcome_email.html.erb within layouts/mailer
  Rendered user_mailer/welcome_email.html.erb within layouts/mailer (1.0ms)
  Rendering user_mailer/welcome_email.text.erb within layouts/mailer
  Rendered user_mailer/welcome_email.text.erb within layouts/mailer (0.4ms)
UserMailer#welcome_email: processed outbound mail in 53.5ms
Sent mail to admin@bananacoding.com (286.5ms)
Date: Fri, 29 Jun 2018 18:34:33 +0700
From: notifications@example.com
To: admin@bananacoding.com
Message-ID: <5b361949c3187_606a3fd46b3bea7813897@kwangs-MacBook-Air.local.mail>
Subject: Welcome to My Awesome Site
Mime-Version: 1.0
Content-Type: multipart/alternative;
 boundary="--==_mimepart_5b361949c1d78_606a3fd46b3bea78137b6";
 charset=UTF-8
Content-Transfer-Encoding: 7bit


----==_mimepart_5b361949c1d78_606a3fd46b3bea78137b6
Content-Type: text/plain;
 charset=UTF-8
Content-Transfer-Encoding: 7bit

Welcome to example.com, punnipa602.41@gmail.com
You have successfully signed up to example.com, your username is: .
To login to the site, time: 2018-06-29T18:34:33+07:00.
Thanks for joining and have a great day!

----==_mimepart_5b361949c1d78_606a3fd46b3bea78137b6
Content-Type: text/html;
 charset=UTF-8
Content-Transfer-Encoding: 7bit

<!DOCTYPE html>
<html>
  <head>
    <meta http-equiv="Content-Type" content="text/html; charset=utf-8" />
    <style>
      /* Email styles need to be inline */
    </style>
  </head>

  <body>
    <h1>Welcome to example.com, punnipa602.41@gmail.com</h1>
 You have successfully signed up to example.com,
 <br>
 To login to the site, time: 2018-06-29T18:34:33+07:00.
 <p>Thanks for joining and have a great day!</p>
  </body>
</html>

----==_mimepart_5b361949c1d78_606a3fd46b3bea78137b6--

  Rendering home/index.html.erb within layouts/application
  Rendered home/index.html.erb within layouts/application (0.4ms)
Completed 200 OK in 623ms (Views: 221.1ms | ActiveRecord: 0.0ms)


